WARNING: There was an error checking the latest version of pip.
Traceback (most recent call last):
  File "/p/software/juwels/stages/2023/software/SciPy-bundle/2022.05-gcccoremkl-11.3.0-2022.1.0/lib/python3.10/site-packages/numpy/core/__init__.py", line 23, in <module>
    from . import multiarray
  File "/p/software/juwels/stages/2023/software/SciPy-bundle/2022.05-gcccoremkl-11.3.0-2022.1.0/lib/python3.10/site-packages/numpy/core/multiarray.py", line 10, in <module>
    from . import overrides
  File "/p/software/juwels/stages/2023/software/SciPy-bundle/2022.05-gcccoremkl-11.3.0-2022.1.0/lib/python3.10/site-packages/numpy/core/overrides.py", line 6, in <module>
    from numpy.core._multiarray_umath import (
ModuleNotFoundError: No module named 'numpy.core._multiarray_umath'

During handling of the above exception, another exception occurred:

Traceback (most recent call last):
  File "STATS.py", line 1, in <module>
    from py_env_hpc import *
  File "/p/project/deepacf/kiste/patakchiyousefi1/CODES/CODES-MS2/PLAYGROUND/ATMOSCORRECT/py_env_hpc.py", line 3, in <module>
    import xarray as xr
  File "/p/software/juwels/stages/2023/software/xarray/2022.9.0-gcccoremkl-11.3.0-2022.1.0/lib/python3.10/site-packages/xarray/__init__.py", line 1, in <module>
    from . import testing, tutorial
  File "/p/software/juwels/stages/2023/software/xarray/2022.9.0-gcccoremkl-11.3.0-2022.1.0/lib/python3.10/site-packages/xarray/testing.py", line 6, in <module>
    import numpy as np
  File "/p/software/juwels/stages/2023/software/SciPy-bundle/2022.05-gcccoremkl-11.3.0-2022.1.0/lib/python3.10/site-packages/numpy/__init__.py", line 144, in <module>
    from . import core
  File "/p/software/juwels/stages/2023/software/SciPy-bundle/2022.05-gcccoremkl-11.3.0-2022.1.0/lib/python3.10/site-packages/numpy/core/__init__.py", line 49, in <module>
    raise ImportError(msg)
ImportError: 

IMPORTANT: PLEASE READ THIS FOR ADVICE ON HOW TO SOLVE THIS ISSUE!

Importing the numpy C-extensions failed. This error can happen for
many reasons, often due to issues with your setup or how NumPy was
installed.

We have compiled some common reasons and troubleshooting tips at:

    https://numpy.org/devdocs/user/troubleshooting-importerror.html

Please note and check the following:

  * The Python version is: Python3.8 from "/p/project/deepacf/kiste/patakchiyousefi1/SC_VENV/envs/prc_env/bin/python"
  * The NumPy version is: "1.22.3"

and make sure that they are the versions you expect.
Please carefully study the documentation linked above for further help.

Original error was: No module named 'numpy.core._multiarray_umath'

